<?xml version="1.0" encoding="UTF-8"?>
<testng-results skipped="0" failed="0" ignored="0" total="2" passed="2">
  <reporter-output>
  </reporter-output>
  <suite name="Default suite" duration-ms="16736" started-at="2018-03-27T13:56:31Z" finished-at="2018-03-27T13:56:47Z">
    <groups>
    </groups>
    <test name="Default test" duration-ms="16736" started-at="2018-03-27T13:56:31Z" finished-at="2018-03-27T13:56:47Z">
      <class name="Login.DealTest">
        <test-method status="PASS" signature="f()[pri:0, instance:Login.DealTest@61832929]" name="f" duration-ms="16003" started-at="2018-03-27T13:56:31Z" finished-at="2018-03-27T13:56:47Z">
          <reporter-output>
          </reporter-output>
        </test-method> <!-- f -->
        <test-method status="PASS" signature="fx()[pri:1, instance:Login.DealTest@61832929]" name="fx" duration-ms="592" started-at="2018-03-27T13:56:47Z" finished-at="2018-03-27T13:56:47Z">
          <reporter-output>
          </reporter-output>
        </test-method> <!-- fx -->
      </class> <!-- Login.DealTest -->
    </test> <!-- Default test -->
  </suite> <!-- Default suite -->
</testng-results>
